Temp/gradleOut/build/outputs/logs/manifest-merger-release-report.txt
-- Merging decision tree log ---
manifest
ADDED from src\main\AndroidManifest.xml:2:1-36:12
INJECTED from src\main\AndroidManifest.xml:2:1-36:12
INJECTED from src\main\AndroidManifest.xml:2:1-36:12
INJECTED from src\main\AndroidManifest.xml:2:1-36:12
MERGED from [:androidsdkclient-normal-release:] AndroidManifest.xml:2:1-18:12
MERGED from [:gvr:] AndroidManifest.xml:2:1-9:12
MERGED from [:unitygvr:] AndroidManifest.xml:2:1-11:12
INJECTED from src\main\AndroidManifest.xml:2:1-36:12
INJECTED from src\main\AndroidManifest.xml:2:1-36:12
INJECTED from src\main\AndroidManifest.xml:2:1-36:12
	package
		ADDED from src\main\AndroidManifest.xml:2:11-41
		INJECTED from src\main\AndroidManifest.xml
		INJECTED from src\main\AndroidManifest.xml
	android:versionName
		INJECTED from src\main\AndroidManifest.xml
		ADDED from src\main\AndroidManifest.xml:2:1-36:12
		INJECTED from src\main\AndroidManifest.xml
	android:versionCode
		INJECTED from src\main\AndroidManifest.xml
		ADDED from src\main\AndroidManifest.xml:2:1-36:12
		INJECTED from src\main\AndroidManifest.xml
	xmlns:android
		ADDED from src\main\AndroidManifest.xml:2:42-100
	android:installLocation
		ADDED from src\main\AndroidManifest.xml:2:101-141
uses-permission#android.permission.BROADCAST_STICKY
ADDED from src\main\AndroidManifest.xml:6:3-73
	android:name
		ADDED from src\main\AndroidManifest.xml:6:20-70
uses-permission#nolo.permission.ACCESS_SERVER
ADDED from src\main\AndroidManifest.xml:7:3-67
	android:name
		ADDED from src\main\AndroidManifest.xml:7:20-64
uses-permission#android.permission.PACKAGE_USAGE_STATS
ADDED from src\main\AndroidManifest.xml:8:3-76
	android:name
		ADDED from src\main\AndroidManifest.xml:8:20-73
uses-permission#android.permission.SYSTEM_ALERT_WINDOW
ADDED from src\main\AndroidManifest.xml:9:3-76
	android:name
		ADDED from src\main\AndroidManifest.xml:9:20-73
uses-permission#android.permission.ACCESS_WIFI_STATE
ADDED from src\main\AndroidManifest.xml:10:3-74
	android:name
		ADDED from src\main\AndroidManifest.xml:10:20-71
uses-permission#android.permission.INTERNET
ADDED from src\main\AndroidManifest.xml:11:3-65
	android:name
		ADDED from src\main\AndroidManifest.xml:11:20-62
uses-permission#android.permission.ACCESS_NETWORK_STATE
ADDED from src\main\AndroidManifest.xml:12:3-77
	android:name
		ADDED from src\main\AndroidManifest.xml:12:20-74
uses-permission#com.android.launcher.permission.WRITE_SETTINGS
ADDED from src\main\AndroidManifest.xml:13:3-84
	android:name
		ADDED from src\main\AndroidManifest.xml:13:20-81
uses-permission#android.permission.WRITE_APN_SETTINGS
ADDED from src\main\AndroidManifest.xml:14:3-75
	android:name
		ADDED from src\main\AndroidManifest.xml:14:20-72
application
ADDED from src\main\AndroidManifest.xml:15:3-28:17
MERGED from [:androidsdkclient-normal-release:] AndroidManifest.xml:12:5-16:19
MERGED from [:androidsdkclient-normal-release:] AndroidManifest.xml:12:5-16:19
	android:supportsRtl
		ADDED from src\main\AndroidManifest.xml:15:76-103
	android:label
		ADDED from src\main\AndroidManifest.xml:15:43-75
	android:icon
		ADDED from src\main\AndroidManifest.xml:15:164-195
	android:allowBackup
		ADDED from src\main\AndroidManifest.xml:15:16-42
	android:banner
		ADDED from src\main\AndroidManifest.xml:15:126-163
	android:theme
		ADDED from src\main\AndroidManifest.xml:15:196-234
	android:isGame
		ADDED from src\main\AndroidManifest.xml:15:104-125
activity#com.unity3d.player.UnityPlayerActivity
ADDED from src\main\AndroidManifest.xml:16:5-23:16
	android:screenOrientation
		ADDED from src\main\AndroidManifest.xml:16:179-217
	android:label
		ADDED from src\main\AndroidManifest.xml:16:109-141
	android:launchMode
		ADDED from src\main\AndroidManifest.xml:16:218-249
	android:hardwareAccelerated
		ADDED from src\main\AndroidManifest.xml:16:432-467
	android:windowSoftInputMode
		ADDED from src\main\AndroidManifest.xml:16:69-108
	android:configChanges
		ADDED from src\main\AndroidManifest.xml:16:250-431
	android:alwaysRetainTaskState
		ADDED from src\main\AndroidManifest.xml:16:142-178
	android:name
		ADDED from src\main\AndroidManifest.xml:16:15-68
intent-filter#action:name:android.intent.action.MAIN+category:name:android.intent.category.LAUNCHER+category:name:android.intent.category.LEANBACK_LAUNCHER+category:name:com.google.intent.category.CARDBOARD
ADDED from src\main\AndroidManifest.xml:17:7-22:23
action#android.intent.action.MAIN
ADDED from src\main\AndroidManifest.xml:18:9-61
	android:name
		ADDED from src\main\AndroidManifest.xml:18:17-58
category#android.intent.category.LAUNCHER
ADDED from src\main\AndroidManifest.xml:19:9-69
	android:name
		ADDED from src\main\AndroidManifest.xml:19:19-66
category#android.intent.category.LEANBACK_LAUNCHER
ADDED from src\main\AndroidManifest.xml:20:9-78
	android:name
		ADDED from src\main\AndroidManifest.xml:20:19-75
category#com.google.intent.category.CARDBOARD
ADDED from src\main\AndroidManifest.xml:21:9-73
	android:name
		ADDED from src\main\AndroidManifest.xml:21:19-70
meta-data#unityplayer.SkipPermissionsDialog
ADDED from src\main\AndroidManifest.xml:24:5-88
	android:value
		ADDED from src\main\AndroidManifest.xml:24:65-85
	android:name
		ADDED from src\main\AndroidManifest.xml:24:16-64
meta-data#unity.build-id
ADDED from src\main\AndroidManifest.xml:25:5-101
	android:value
		ADDED from src\main\AndroidManifest.xml:25:46-98
	android:name
		ADDED from src\main\AndroidManifest.xml:25:16-45
meta-data#unity.splash-mode
ADDED from src\main\AndroidManifest.xml:26:5-69
	android:value
		ADDED from src\main\AndroidManifest.xml:26:49-66
	android:name
		ADDED from src\main\AndroidManifest.xml:26:16-48
meta-data#unity.splash-enable
ADDED from src\main\AndroidManifest.xml:27:5-75
	android:value
		ADDED from src\main\AndroidManifest.xml:27:51-72
	android:name
		ADDED from src\main\AndroidManifest.xml:27:16-50
uses-feature#0x00020000
ADDED from src\main\AndroidManifest.xml:29:3-52
	android:glEsVersion
		ADDED from src\main\AndroidManifest.xml:29:17-49
uses-permission#android.permission.READ_EXTERNAL_STORAGE
ADDED from src\main\AndroidManifest.xml:30:3-78
	android:name
		ADDED from src\main\AndroidManifest.xml:30:20-75
uses-permission#android.permission.CHANGE_WIFI_MULTICAST_STATE
ADDED from src\main\AndroidManifest.xml:31:3-84
	android:name
		ADDED from src\main\AndroidManifest.xml:31:20-81
uses-feature#android.hardware.sensor.accelerometer
ADDED from src\main\AndroidManifest.xml:32:3-97
	android:required
		ADDED from src\main\AndroidManifest.xml:32:70-94
	android:name
		ADDED from src\main\AndroidManifest.xml:32:17-69
uses-feature#android.hardware.touchscreen
ADDED from src\main\AndroidManifest.xml:33:3-88
	android:required
		ADDED from src\main\AndroidManifest.xml:33:61-85
	android:name
		ADDED from src\main\AndroidManifest.xml:33:17-60
uses-feature#android.hardware.touchscreen.multitouch
ADDED from src\main\AndroidManifest.xml:34:3-99
	android:required
		ADDED from src\main\AndroidManifest.xml:34:72-96
	android:name
		ADDED from src\main\AndroidManifest.xml:34:17-71
uses-feature#android.hardware.touchscreen.multitouch.distinct
ADDED from src\main\AndroidManifest.xml:35:3-108
	android:required
		ADDED from src\main\AndroidManifest.xml:35:81-105
	android:name
		ADDED from src\main\AndroidManifest.xml:35:17-80
uses-sdk
INJECTED from src\main\AndroidManifest.xml reason: use-sdk injection requested
INJECTED from src\main\AndroidManifest.xml
INJECTED from src\main\AndroidManifest.xml
MERGED from [:androidsdkclient-normal-release:] AndroidManifest.xml:8:5-10:41
MERGED from [:androidsdkclient-normal-release:] AndroidManifest.xml:8:5-10:41
MERGED from [:gvr:] AndroidManifest.xml:5:5-7:41
MERGED from [:gvr:] AndroidManifest.xml:5:5-7:41
MERGED from [:unitygvr:] AndroidManifest.xml:7:5-9:41
MERGED from [:unitygvr:] AndroidManifest.xml:7:5-9:41
INJECTED from src\main\AndroidManifest.xml
INJECTED from src\main\AndroidManifest.xml
	android:targetSdkVersion
		INJECTED from src\main\AndroidManifest.xml
		ADDED from src\main\AndroidManifest.xml
		INJECTED from src\main\AndroidManifest.xml
	android:minSdkVersion
		INJECTED from src\main\AndroidManifest.xml
		ADDED from src\main\AndroidManifest.xml
		INJECTED from src\main\AndroidManifest.xml
meta-data#distribute
ADDED from [:androidsdkclient-normal-release:] AndroidManifest.xml:13:9-15:38
	android:value
		ADDED from [:androidsdkclient-normal-release:] AndroidManifest.xml:15:13-35
	android:name
		ADDED from [:androidsdkclient-normal-release:] AndroidManifest.xml:14:13-38